  [1m[36mSQL (0.2ms)[0m  [1m SELECT name
 FROM sqlite_master
 WHERE type = 'table' AND NOT name = 'sqlite_sequence'
[0m
  [1m[35mSQL (0.1ms)[0m  select sqlite_version(*)
  [1m[36mSQL (2.3ms)[0m  [1mCREATE TABLE "schema_migrations" ("version" varchar(255) NOT NULL) [0m
  [1m[35mSQL (0.1ms)[0m  PRAGMA index_list("schema_migrations")
  [1m[36mSQL (11.7ms)[0m  [1mCREATE UNIQUE INDEX "unique_schema_migrations" ON "schema_migrations" ("version")[0m
  [1m[35mSQL (0.1ms)[0m   SELECT name
 FROM sqlite_master
 WHERE type = 'table' AND NOT name = 'sqlite_sequence'
  [1m[36mSQL (0.1ms)[0m  [1m SELECT name
 FROM sqlite_master
 WHERE type = 'table' AND NOT name = 'sqlite_sequence'
[0m
  [1m[35mSQL (0.1ms)[0m  SELECT "schema_migrations"."version" FROM "schema_migrations"
DEPRECATION WARNING: config.action_view.debug_rjs will be removed in 3.1, from 3.1 onwards you will need to install prototype-rails to continue to use RJS templates . (called from call at /Users/svand/.rvm/gems/ruby-1.9.2-p180@rails3/gems/rack-1.2.4/lib/rack/content_length.rb:13)


Started GET "/commons" for 127.0.0.1 at 2011-09-19 23:51:59 -0400
  Processing by CommonsController#institutions as HTML
Completed 500 Internal Server Error in 2ms

ArgumentError (wrong number of arguments (1 for 2)):
  app/models/commons.rb:8:in `flickr'
  app/models/commons.rb:13:in `institutions'
  app/controllers/commons_controller.rb:3:in `institutions'

Rendered /Users/svand/.rvm/gems/ruby-1.9.2-p180@global/gems/actionpack-3.0.10/lib/action_dispatch/middleware/templates/rescues/_trace.erb (1.4ms)
Rendered /Users/svand/.rvm/gems/ruby-1.9.2-p180@global/gems/actionpack-3.0.10/lib/action_dispatch/middleware/templates/rescues/_request_and_response.erb (2.1ms)
Rendered /Users/svand/.rvm/gems/ruby-1.9.2-p180@global/gems/actionpack-3.0.10/lib/action_dispatch/middleware/templates/rescues/diagnostics.erb within rescues/layout (8.4ms)


Started GET "/commons" for 127.0.0.1 at 2011-09-19 23:52:18 -0400
  Processing by CommonsController#institutions as HTML
Completed 500 Internal Server Error in 485ms

ActionView::MissingTemplate (Missing template commons/institutions with {:handlers=>[:erb, :rjs, :builder, :rhtml, :rxml, :haml], :formats=>[:html], :locale=>[:en, :en]} in view paths "/Users/svand/Develop/randcom/randcom-server/app/views"):
  

Rendered /Users/svand/.rvm/gems/ruby-1.9.2-p180@global/gems/actionpack-3.0.10/lib/action_dispatch/middleware/templates/rescues/missing_template.erb within rescues/layout (0.7ms)


Started GET "/commons" for 127.0.0.1 at 2011-09-19 23:54:20 -0400
  Processing by CommonsController#institutions as HTML
{"stat":"fail", "code":112, "message":"Method \"unknown\" not found"}
Completed 500 Internal Server Error in 233ms

ActionView::MissingTemplate (Missing template commons/institutions with {:handlers=>[:erb, :rjs, :builder, :rhtml, :rxml, :haml], :formats=>[:html], :locale=>[:en, :en]} in view paths "/Users/svand/Develop/randcom/randcom-server/app/views"):
  

Rendered /Users/svand/.rvm/gems/ruby-1.9.2-p180@global/gems/actionpack-3.0.10/lib/action_dispatch/middleware/templates/rescues/missing_template.erb within rescues/layout (0.7ms)

***** Debugger requested, but was not available (ensure ruby-debug is listed in Gemfile/installed as gem): Start server with --debugger to enable *****

***** Debugger requested, but was not available (ensure ruby-debug is listed in Gemfile/installed as gem): Start server with --debugger to enable *****

***** Debugger requested, but was not available (ensure ruby-debug is listed in Gemfile/installed as gem): Start server with --debugger to enable *****

***** Debugger requested, but was not available (ensure ruby-debug is listed in Gemfile/installed as gem): Start server with --debugger to enable *****

***** Debugger requested, but was not available (ensure ruby-debug is listed in Gemfile/installed as gem): Start server with --debugger to enable *****

***** Debugger requested, but was not available (ensure ruby-debug is listed in Gemfile/installed as gem): Start server with --debugger to enable *****

***** Debugger requested, but was not available (ensure ruby-debug is listed in Gemfile/installed as gem): Start server with --debugger to enable *****

***** Debugger requested, but was not available (ensure ruby-debug is listed in Gemfile/installed as gem): Start server with --debugger to enable *****

***** Debugger requested, but was not available (ensure ruby-debug is listed in Gemfile/installed as gem): Start server with --debugger to enable *****

***** Debugger requested, but was not available (ensure ruby-debug is listed in Gemfile/installed as gem): Start server with --debugger to enable *****
